<?xml version="1.0" encoding="UTF-8" ?>
<testsuite tests="7" failures="0" name="vetor.TestarVetor" time="0.017" errors="0" skipped="0">
  <properties>
[...]
</properties>
  <testcase classname="vetor.TestarVetor" name="testProcurar" time="0.016"/>
  <testcase classname="vetor.TestarVetor" name="testRemover" time="0"/>
  <testcase classname="vetor.TestarVetor" name="testMaximo" time="0"/>
  <testcase classname="vetor.TestarVetor" name="testMinimo" time="0"/>
  <testcase classname="vetor.TestarVetor" name="testInserir" time="0"/>
  <testcase classname="vetor.TestarVetor" name="testIsCheio" time="0"/>
  <testcase classname="vetor.TestarVetor" name="testIsVazio" time="0.001"/>
</testsuite>